c:\users\ry1yn\source\repos\mypass\debug\vc142.pdb
c:\users\ry1yn\source\repos\mypass\debug\vc142.idb
c:\users\ry1yn\source\repos\mypass\debug\data.obj
c:\users\ry1yn\source\repos\mypass\debug\ctrl.obj
c:\users\ry1yn\source\repos\mypass\debug\mypass.obj
c:\users\ry1yn\source\repos\hello15pb\debug\mypass.pdb
c:\users\ry1yn\source\repos\mypass\debug\mypass.tlog\cl.command.1.tlog
c:\users\ry1yn\source\repos\mypass\debug\mypass.tlog\cl.read.1.tlog
c:\users\ry1yn\source\repos\mypass\debug\mypass.tlog\cl.write.1.tlog
c:\users\ry1yn\source\repos\mypass\debug\mypass.tlog\link-cvtres.read.1.tlog
c:\users\ry1yn\source\repos\mypass\debug\mypass.tlog\link-cvtres.write.1.tlog
c:\users\ry1yn\source\repos\mypass\debug\mypass.tlog\link-rc.read.1.tlog
c:\users\ry1yn\source\repos\mypass\debug\mypass.tlog\link-rc.write.1.tlog
c:\users\ry1yn\source\repos\mypass\debug\mypass.tlog\link.13908-cvtres.read.1.tlog
c:\users\ry1yn\source\repos\mypass\debug\mypass.tlog\link.13908-cvtres.write.1.tlog
c:\users\ry1yn\source\repos\mypass\debug\mypass.tlog\link.13908-rc.read.1.tlog
c:\users\ry1yn\source\repos\mypass\debug\mypass.tlog\link.13908-rc.write.1.tlog
c:\users\ry1yn\source\repos\mypass\debug\mypass.tlog\link.13908.read.1.tlog
c:\users\ry1yn\source\repos\mypass\debug\mypass.tlog\link.13908.write.1.tlog
c:\users\ry1yn\source\repos\mypass\debug\mypass.tlog\link.command.1.tlog
c:\users\ry1yn\source\repos\mypass\debug\mypass.tlog\link.read.1.tlog
c:\users\ry1yn\source\repos\mypass\debug\mypass.tlog\link.write.1.tlog
